2025-04-01 10:00:00 INFO: System started. Version: 1.2.3 Build: 4567
2025-04-01 10:00:05 DEBUG: Loading configuration file: /etc/myapp.conf
2025-04-01 10:00:10 INFO: Database connection established.
2025-04-01 10:01:00 INFO: User logged in: user123 from 192.168.1.100
2025-04-01 10:01:30 DEBUG: Processing request: GET /api/v1/users
2025-04-01 10:02:00 INFO: User data retrieved successfully.
2025-04-01 10:05:00 WARN: Disk space is running low. Available: 10GB Threshold: 5GB
2025-04-01 10:05:30 DEBUG: Sending email notification to admin@example.com
2025-04-01 10:10:00 ERROR: Failed to connect to database: Connection refused.
2025-04-01 10:10:15 DEBUG: Retrying database connection...
2025-04-01 10:10:30 INFO: Database connection re-established.
2025-04-01 10:15:00 INFO: Processing data: order_id=12345
2025-04-01 10:15:45 DEBUG: Calculating total price...
2025-04-01 10:20:00 DEBUG: Saving data to file: /tmp/order_12345.json
2025-04-01 10:25:00 WARN: Connection timed out: 192.168.1.200
2025-04-01 10:25:10 DEBUG: Reconnecting...
2025-04-01 10:25:20 INFO: Connection re-established.
2025-04-01 10:30:00 ERROR: Invalid input data: product_id is missing.
2025-04-01 10:30:30 DEBUG: Rolling back transaction...
2025-04-01 10:35:00 INFO: System shutdown initiated by user123.
2025-04-01 10:35:10 DEBUG: Closing database connection...
2025-04-01 10:35:20 INFO: System stopped.